<?xml version="1.0" encoding="UTF-8"?>
<testng-results ignored="0" total="2" passed="2" failed="0" skipped="0">
  <reporter-output>
  </reporter-output>
  <suite started-at="2024-03-01T10:56:56 IST" name="addnewcustomer" finished-at="2024-03-01T10:57:14 IST" duration-ms="17784">
    <groups>
      <group name="cucumber">
        <method signature="AbstractTestNGCucumberTests.runScenario(io.cucumber.testng.PickleWrapper,io.cucumber.testng.FeatureWrapper)[pri:0, instance:mavenproject.TestRunner.Run@865dd6]" name="runScenario" class="io.cucumber.testng.AbstractTestNGCucumberTests"/>
      </group> <!-- cucumber -->
    </groups>
    <test started-at="2024-03-01T10:56:56 IST" name="addnewcustomer" finished-at="2024-03-01T10:57:14 IST" duration-ms="17784">
      <class name="mavenproject.TestRunner.Run">
        <test-method is-config="true" signature="setUpClass(org.testng.ITestContext)[pri:0, instance:mavenproject.TestRunner.Run@865dd6]" started-at="2024-03-01T10:56:56 IST" name="setUpClass" finished-at="2024-03-01T10:56:56 IST" duration-ms="363" status="PASS">
          <params>
            <param index="0">
              <value>
                <![CDATA[org.testng.TestRunner@f29353f]]>
              </value>
            </param>
          </params>
          <reporter-output>
          </reporter-output>
        </test-method> <!-- setUpClass -->
        <test-method signature="runScenario(io.cucumber.testng.PickleWrapper,io.cucumber.testng.FeatureWrapper)[pri:0, instance:mavenproject.TestRunner.Run@865dd6]" started-at="2024-03-01T10:56:56 IST" name="runScenario" description="Runs Cucumber Scenarios" data-provider="scenarios" finished-at="2024-03-01T10:57:07 IST" duration-ms="10742" status="PASS">
          <params>
            <param index="0">
              <value>
                <![CDATA["Add new Customer"]]>
              </value>
            </param>
            <param index="1">
              <value>
                <![CDATA["Customer"]]>
              </value>
            </param>
          </params>
          <reporter-output>
          </reporter-output>
        </test-method> <!-- runScenario -->
        <test-method signature="runScenario(io.cucumber.testng.PickleWrapper,io.cucumber.testng.FeatureWrapper)[pri:0, instance:mavenproject.TestRunner.Run@865dd6]" started-at="2024-03-01T10:57:07 IST" name="runScenario" description="Runs Cucumber Scenarios" data-provider="scenarios" finished-at="2024-03-01T10:57:14 IST" duration-ms="6585" status="PASS">
          <params>
            <param index="0">
              <value>
                <![CDATA["Search customer using companyname"]]>
              </value>
            </param>
            <param index="1">
              <value>
                <![CDATA["Customer"]]>
              </value>
            </param>
          </params>
          <reporter-output>
          </reporter-output>
        </test-method> <!-- runScenario -->
        <test-method is-config="true" signature="tearDownClass()[pri:0, instance:mavenproject.TestRunner.Run@865dd6]" started-at="2024-03-01T10:57:14 IST" name="tearDownClass" finished-at="2024-03-01T10:57:14 IST" duration-ms="61" status="PASS">
          <reporter-output>
          </reporter-output>
        </test-method> <!-- tearDownClass -->
      </class> <!-- mavenproject.TestRunner.Run -->
    </test> <!-- addnewcustomer -->
  </suite> <!-- addnewcustomer -->
</testng-results>
