<?xml version="1.0" encoding="UTF-8"?>
<testsuite xmlns:xsi="http://www.w3.org/2001/XMLSchema-instance" xsi:noNamespaceSchemaLocation="https://maven.apache.org/surefire/maven-surefire-plugin/xsd/surefire-test-report-3.0.xsd" version="3.0" name="TestSuite" time="18.608" tests="2" errors="0" skipped="0" failures="0">
  <properties>
[...]
</properties>
  <testcase name="runScenario[&quot;Add new Customer&quot;, &quot;Customer&quot;](1)" classname="mavenproject.TestRunner.Run" time="10.746">
    <system-out><![CDATA[10:56:55.911 [main] DEBUG org.testng.TestNG - suiteXmlPath: "/home/stl/mavenproject/junitandcucumber/src/test/java/mavenproject/resource/testng.xml"
10:56:56.034 [main] WARN org.apache.velocity.deprecation - configuration key 'resource.loader' has been deprecated in favor of 'resource.loaders'
10:56:56.035 [main] WARN org.apache.velocity.deprecation - configuration key 'classpath.resource.loader.class' has been deprecated in favor of 'resource.loader.classpath.class'
10:56:56.035 [main] DEBUG org.apache.velocity - Initializing Velocity, Calling init()...
10:56:56.036 [main] DEBUG org.apache.velocity - Starting Apache Velocity v2.3
10:56:56.040 [main] DEBUG org.apache.velocity - Default Properties resource: org/apache/velocity/runtime/defaults/velocity.properties
10:56:56.050 [main] DEBUG org.apache.velocity - ResourceLoader instantiated: org.apache.velocity.runtime.resource.loader.ClasspathResourceLoader
10:56:56.052 [main] DEBUG org.apache.velocity - initialized (class org.apache.velocity.runtime.resource.ResourceCacheImpl) with class java.util.Collections$SynchronizedMap cache map.
10:56:56.055 [main] DEBUG org.apache.velocity - Loaded System Directive: org.apache.velocity.runtime.directive.Stop
10:56:56.057 [main] DEBUG org.apache.velocity - Loaded System Directive: org.apache.velocity.runtime.directive.Define
10:56:56.058 [main] DEBUG org.apache.velocity - Loaded System Directive: org.apache.velocity.runtime.directive.Break
10:56:56.059 [main] DEBUG org.apache.velocity - Loaded System Directive: org.apache.velocity.runtime.directive.Evaluate
10:56:56.060 [main] DEBUG org.apache.velocity - Loaded System Directive: org.apache.velocity.runtime.directive.Macro
10:56:56.061 [main] DEBUG org.apache.velocity - Loaded System Directive: org.apache.velocity.runtime.directive.Parse
10:56:56.063 [main] DEBUG org.apache.velocity - Loaded System Directive: org.apache.velocity.runtime.directive.Include
10:56:56.064 [main] DEBUG org.apache.velocity - Loaded System Directive: org.apache.velocity.runtime.directive.Foreach
10:56:56.097 [main] DEBUG org.apache.velocity.parser - Created '20' parsers.
10:56:56.124 [main] DEBUG org.apache.velocity.macro - "velocimacro.library.path" is not set. Trying default library: velocimacros.vtl
10:56:56.125 [main] DEBUG org.apache.velocity.loader.classpath - Could not load resource 'velocimacros.vtl' from ResourceLoader org.apache.velocity.runtime.resource.loader.ClasspathResourceLoader
10:56:56.125 [main] DEBUG org.apache.velocity.macro - Default library velocimacros.vtl not found. Trying old default library: VM_global_library.vm
10:56:56.125 [main] DEBUG org.apache.velocity.loader.classpath - Could not load resource 'VM_global_library.vm' from ResourceLoader org.apache.velocity.runtime.resource.loader.ClasspathResourceLoader
10:56:56.125 [main] DEBUG org.apache.velocity.macro - Old default library VM_global_library.vm not found.
10:56:56.125 [main] DEBUG org.apache.velocity.macro - allowInline = true: VMs can be defined inline in templates
10:56:56.126 [main] DEBUG org.apache.velocity.macro - allowInlineToOverride = false: VMs defined inline may NOT replace previous VM definitions
10:56:56.126 [main] DEBUG org.apache.velocity.macro - allowInlineLocal = false: VMs defined inline will be global in scope if allowed.
10:56:56.126 [main] DEBUG org.apache.velocity.macro - autoload off: VM system will not automatically reload global library macros

Scenario: Add new Customer                                       # src/test/java/mavenproject/resource/features/Customers.feature:2
10:56:56.768 [main] DEBUG io.github.bonigarcia.wdm.WebDriverManager - Using WebDriverManager 5.6.3
10:56:57.038 [main] DEBUG io.github.bonigarcia.wdm.cache.ResolutionCache - Resolution chrome=122 in cache (valid until 11:26:37 01/03/2024 IST)
10:56:57.040 [main] DEBUG io.github.bonigarcia.wdm.cache.ResolutionCache - Resolution chrome122=122.0.6261.94 in cache (valid until 16:18:08 01/03/2024 IST)
10:56:57.040 [main] INFO io.github.bonigarcia.wdm.WebDriverManager - Using chromedriver 122.0.6261.94 (resolved driver for Chrome 122)
10:56:57.102 [main] DEBUG io.github.bonigarcia.wdm.WebDriverManager - Driver chromedriver 122.0.6261.94 found in cache
10:56:57.102 [main] INFO io.github.bonigarcia.wdm.WebDriverManager - Exporting webdriver.chrome.driver as /home/stl/.cache/selenium/chromedriver/linux64/122.0.6261.94/chromedriver
  Given user launch chrome browser                               # mavenproject.StepDefinition.StepDef.launchChromeBrowser()
  When User opens URL "https://admin-demo.nopcommerce.com/login" # mavenproject.StepDefinition.StepDef.openURL(java.lang.String)
  And User enters Email as "" and password as ""                 # mavenproject.StepDefinition.StepDef.enterCredentials(java.lang.String,java.lang.String)
  And Click on Login                                             # mavenproject.StepDefinition.StepDef.clickLogin()
  Then user can view Dashboard                                   # mavenproject.StepDefinition.StepDef.user_can_view_dashboard()
  When User Click on the Customers Menu                          # mavenproject.StepDefinition.StepDef.user_click_on_the_customers_menu()
  And Click on the Customers Item                                # mavenproject.StepDefinition.StepDef.click_on_the_customers_item()
  And click on the add new Button                                # mavenproject.StepDefinition.StepDef.click_on_the_add_new_button()
  Then user can view add new customer page                       # mavenproject.StepDefinition.StepDef.user_can_view_add_new_customer_page()
  When User Enter the Customer info                              # mavenproject.StepDefinition.StepDef.user_enter_the_customer_info()
  And click the save Button                                      # mavenproject.StepDefinition.StepDef.click_the_save_button()
  And close browser                                              # mavenproject.StepDefinition.StepDef.closeBrowser()
]]></system-out>
  </testcase>
  <testcase name="runScenario[&quot;Search customer using companyname&quot;, &quot;Customer&quot;](2)" classname="mavenproject.TestRunner.Run" time="6.584">
    <system-out><![CDATA[
Scenario: Search customer using companyname                      # src/test/java/mavenproject/resource/features/Customers.feature:17
10:57:07.471 [main] DEBUG io.github.bonigarcia.wdm.WebDriverManager - Using WebDriverManager 5.6.3
10:57:07.496 [main] DEBUG io.github.bonigarcia.wdm.cache.ResolutionCache - Resolution chrome=122 in cache (valid until 11:26:37 01/03/2024 IST)
10:57:07.497 [main] DEBUG io.github.bonigarcia.wdm.cache.ResolutionCache - Resolution chrome122=122.0.6261.94 in cache (valid until 16:18:08 01/03/2024 IST)
10:57:07.498 [main] INFO io.github.bonigarcia.wdm.WebDriverManager - Using chromedriver 122.0.6261.94 (resolved driver for Chrome 122)
10:57:07.530 [main] DEBUG io.github.bonigarcia.wdm.WebDriverManager - Driver chromedriver 122.0.6261.94 found in cache
10:57:07.532 [main] INFO io.github.bonigarcia.wdm.WebDriverManager - Exporting webdriver.chrome.driver as /home/stl/.cache/selenium/chromedriver/linux64/122.0.6261.94/chromedriver
  Given user launch chrome browser                               # mavenproject.StepDefinition.StepDef.launchChromeBrowser()
  When User opens URL "https://admin-demo.nopcommerce.com/login" # mavenproject.StepDefinition.StepDef.openURL(java.lang.String)
  And User enters Email as "" and password as ""                 # mavenproject.StepDefinition.StepDef.enterCredentials(java.lang.String,java.lang.String)
  And Click on Login                                             # mavenproject.StepDefinition.StepDef.clickLogin()
  Then user can view Dashboard                                   # mavenproject.StepDefinition.StepDef.user_can_view_dashboard()
  When User Click on the Customers Menu                          # mavenproject.StepDefinition.StepDef.user_click_on_the_customers_menu()
  And Click on the Customers Item                                # mavenproject.StepDefinition.StepDef.click_on_the_customers_item()
  When user Enter the Customer companyname                       # mavenproject.StepDefinition.StepDef.user_enter_the_customer_companyname()
  And click the Search Button                                    # mavenproject.StepDefinition.StepDef.click_the_search_button()
]]></system-out>
  </testcase>
</testsuite>